AppPush/app/build/intermediates/manifest_merge_blame_file/debug/manifest-merger-blame-debug-report.txt
1<?xml version="1.0" encoding="utf-8"?>
2<manifest xmlns:android="http://schemas.android.com/apk/res/android"
3    package="com.example.apppush"
4    android:versionCode="1"
5    android:versionName="1.0" >
6
7    <uses-sdk
8        android:minSdkVersion="21"
8-->src/main/AndroidManifest.xml
9        android:targetSdkVersion="32" />
9-->src/main/AndroidManifest.xml
10
11    <uses-permission android:name="android.permission.ACCESS_NETWORK_STATE" />
11-->[com.google.firebase:firebase-messaging:23.0.6] AndroidManifest.xml:25:5-79
11-->[com.google.firebase:firebase-messaging:23.0.6] AndroidManifest.xml:25:22-76
12    <uses-permission android:name="android.permission.POST_NOTIFICATIONS" />
12-->[com.google.firebase:firebase-messaging:23.0.6] AndroidManifest.xml:26:5-77
12-->[com.google.firebase:firebase-messaging:23.0.6] AndroidManifest.xml:26:22-74
13    <uses-permission android:name="android.permission.WAKE_LOCK" /> <!-- Required by older versions of Google Play services to create IID tokens -->
13-->[com.google.firebase:firebase-messaging:23.0.6] AndroidManifest.xml:27:5-68
13-->[com.google.firebase:firebase-messaging:23.0.6] AndroidManifest.xml:27:22-65
14    <uses-permission android:name="com.google.android.c2dm.permission.RECEIVE" />
14-->[com.google.firebase:firebase-messaging:23.0.6] AndroidManifest.xml:29:5-82
14-->[com.google.firebase:firebase-messaging:23.0.6] AndroidManifest.xml:29:22-79
15    <uses-permission android:name="android.permission.INTERNET" />
15-->[com.google.android.datatransport:transport-backend-cct:3.1.6] AndroidManifest.xml:26:5-67
15-->[com.google.android.datatransport:transport-backend-cct:3.1.6] AndroidManifest.xml:26:22-64
16    <uses-permission android:name="com.google.android.gms.permission.AD_ID" />
16-->[com.google.android.gms:play-services-measurement-api:21.0.0] AndroidManifest.xml:25:5-79
16-->[com.google.android.gms:play-services-measurement-api:21.0.0] AndroidManifest.xml:25:22-76
17    <uses-permission android:name="com.google.android.finsky.permission.BIND_GET_INSTALL_REFERRER_SERVICE" />
17-->[com.google.android.gms:play-services-measurement:21.0.0] AndroidManifest.xml:26:5-110
17-->[com.google.android.gms:play-services-measurement:21.0.0] AndroidManifest.xml:26:22-107
18
19    <application
19-->src/main/AndroidManifest.xml:5:3-27:17
20        android:allowBackup="true"
20-->src/main/AndroidManifest.xml:6:5-31
21        android:appComponentFactory="androidx.core.app.CoreComponentFactory"
21-->[androidx.core:core:1.8.0] AndroidManifest.xml:24:18-86
22        android:debuggable="true"
23        android:icon="@mipmap/ic_launcher"
23-->src/main/AndroidManifest.xml:7:5-39
24        android:label="@string/app_name"
24-->src/main/AndroidManifest.xml:8:5-37
25        android:roundIcon="@mipmap/ic_launcher_round"
25-->src/main/AndroidManifest.xml:9:5-50
26        android:supportsRtl="true"
26-->src/main/AndroidManifest.xml:10:5-31
27        android:testOnly="true"
28        android:theme="@style/Theme.AppPush" >
28-->src/main/AndroidManifest.xml:11:5-41
29        <activity
29-->src/main/AndroidManifest.xml:12:5-20:16
30            android:name="com.example.apppush.MainActivity"
30-->src/main/AndroidManifest.xml:13:7-35
31            android:exported="true" >
31-->src/main/AndroidManifest.xml:14:7-30
32            <intent-filter>
32-->src/main/AndroidManifest.xml:15:7-19:23
33                <action android:name="android.intent.action.MAIN" />
33-->src/main/AndroidManifest.xml:16:9-61
33-->src/main/AndroidManifest.xml:16:17-58
34
35                <category android:name="android.intent.category.LAUNCHER" />
35-->src/main/AndroidManifest.xml:18:9-69
35-->src/main/AndroidManifest.xml:18:19-66
36            </intent-filter>
37        </activity>
38
39        <service
39-->src/main/AndroidManifest.xml:21:5-26:15
40            android:name="com.example.apppush.MyFirebaseMessagingService"
40-->src/main/AndroidManifest.xml:21:14-56
41            android:exported="false" >
41-->src/main/AndroidManifest.xml:22:7-31
42            <intent-filter>
42-->src/main/AndroidManifest.xml:23:7-25:23
43                <action android:name="com.google.firebase.MESSAGING_EVENT" />
43-->src/main/AndroidManifest.xml:24:9-69
43-->src/main/AndroidManifest.xml:24:17-67
44            </intent-filter>
45        </service>
46        <service
46-->[com.google.firebase:firebase-messaging-ktx:23.0.6] AndroidManifest.xml:26:9-32:19
47            android:name="com.google.firebase.components.ComponentDiscoveryService"
47-->[com.google.firebase:firebase-messaging-ktx:23.0.6] AndroidManifest.xml:27:13-84
48            android:directBootAware="true"
48-->[com.google.firebase:firebase-common:20.1.1] AndroidManifest.xml:35:13-43
49            android:exported="false" >
49-->[com.google.firebase:firebase-messaging-ktx:23.0.6] AndroidManifest.xml:28:13-37
50            <meta-data
50-->[com.google.firebase:firebase-messaging-ktx:23.0.6] AndroidManifest.xml:29:13-31:85
51                android:name="com.google.firebase.components:com.google.firebase.messaging.ktx.FirebaseMessagingKtxRegistrar"
51-->[com.google.firebase:firebase-messaging-ktx:23.0.6] AndroidManifest.xml:30:17-126
52                android:value="com.google.firebase.components.ComponentRegistrar" />
52-->[com.google.firebase:firebase-messaging-ktx:23.0.6] AndroidManifest.xml:31:17-82
53            <meta-data
53-->[com.google.firebase:firebase-analytics-ktx:21.0.0] AndroidManifest.xml:11:13-13:85
54                android:name="com.google.firebase.components:com.google.firebase.analytics.ktx.FirebaseAnalyticsKtxRegistrar"
54-->[com.google.firebase:firebase-analytics-ktx:21.0.0] AndroidManifest.xml:12:17-126
55                android:value="com.google.firebase.components.ComponentRegistrar" />
55-->[com.google.firebase:firebase-analytics-ktx:21.0.0] AndroidManifest.xml:13:17-82
56            <meta-data
56-->[com.google.firebase:firebase-messaging:23.0.6] AndroidManifest.xml:56:13-58:85
57                android:name="com.google.firebase.components:com.google.firebase.messaging.FirebaseMessagingRegistrar"
57-->[com.google.firebase:firebase-messaging:23.0.6] AndroidManifest.xml:57:17-119
58                android:value="com.google.firebase.components.ComponentRegistrar" />
58-->[com.google.firebase:firebase-messaging:23.0.6] AndroidManifest.xml:58:17-82
59            <meta-data
59-->[com.google.firebase:firebase-datatransport:18.1.5] AndroidManifest.xml:28:13-30:85
60                android:name="com.google.firebase.components:com.google.firebase.datatransport.TransportRegistrar"
60-->[com.google.firebase:firebase-datatransport:18.1.5] AndroidManifest.xml:29:17-115
61                android:value="com.google.firebase.components.ComponentRegistrar" />
61-->[com.google.firebase:firebase-datatransport:18.1.5] AndroidManifest.xml:30:17-82
62            <meta-data
62-->[com.google.firebase:firebase-common-ktx:20.1.1] AndroidManifest.xml:15:13-17:85
63                android:name="com.google.firebase.components:com.google.firebase.ktx.FirebaseCommonKtxRegistrar"
63-->[com.google.firebase:firebase-common-ktx:20.1.1] AndroidManifest.xml:16:17-113
64                android:value="com.google.firebase.components.ComponentRegistrar" />
64-->[com.google.firebase:firebase-common-ktx:20.1.1] AndroidManifest.xml:17:17-82
65            <meta-data
65-->[com.google.android.gms:play-services-measurement-api:21.0.0] AndroidManifest.xml:31:13-33:85
66                android:name="com.google.firebase.components:com.google.firebase.analytics.connector.internal.AnalyticsConnectorRegistrar"
66-->[com.google.android.gms:play-services-measurement-api:21.0.0] AndroidManifest.xml:32:17-139
67                android:value="com.google.firebase.components.ComponentRegistrar" />
67-->[com.google.android.gms:play-services-measurement-api:21.0.0] AndroidManifest.xml:33:17-82
68            <meta-data
68-->[com.google.firebase:firebase-installations:17.0.1] AndroidManifest.xml:18:13-20:85
69                android:name="com.google.firebase.components:com.google.firebase.installations.FirebaseInstallationsRegistrar"
69-->[com.google.firebase:firebase-installations:17.0.1] AndroidManifest.xml:19:17-127
70                android:value="com.google.firebase.components.ComponentRegistrar" />
70-->[com.google.firebase:firebase-installations:17.0.1] AndroidManifest.xml:20:17-82
71        </service>
72
73        <receiver
73-->[com.google.firebase:firebase-messaging:23.0.6] AndroidManifest.xml:32:9-39:20
74            android:name="com.google.firebase.iid.FirebaseInstanceIdReceiver"
74-->[com.google.firebase:firebase-messaging:23.0.6] AndroidManifest.xml:33:13-78
75            android:exported="true"
75-->[com.google.firebase:firebase-messaging:23.0.6] AndroidManifest.xml:34:13-36
76            android:permission="com.google.android.c2dm.permission.SEND" >
76-->[com.google.firebase:firebase-messaging:23.0.6] AndroidManifest.xml:35:13-73
77            <intent-filter>
77-->[com.google.firebase:firebase-messaging:23.0.6] AndroidManifest.xml:36:13-38:29
78                <action android:name="com.google.android.c2dm.intent.RECEIVE" />
78-->[com.google.firebase:firebase-messaging:23.0.6] AndroidManifest.xml:37:17-81
78-->[com.google.firebase:firebase-messaging:23.0.6] AndroidManifest.xml:37:25-78
79            </intent-filter>
80        </receiver>
81        <!--
82             FirebaseMessagingService performs security checks at runtime,
83             but set to not exported to explicitly avoid allowing another app to call it.
84        -->
85        <service
85-->[com.google.firebase:firebase-messaging:23.0.6] AndroidManifest.xml:45:9-52:19
86            android:name="com.google.firebase.messaging.FirebaseMessagingService"
86-->[com.google.firebase:firebase-messaging:23.0.6] AndroidManifest.xml:46:13-82
87            android:directBootAware="true"
87-->[com.google.firebase:firebase-messaging:23.0.6] AndroidManifest.xml:47:13-43
88            android:exported="false" >
88-->[com.google.firebase:firebase-messaging:23.0.6] AndroidManifest.xml:48:13-37
89            <intent-filter android:priority="-500" >
89-->src/main/AndroidManifest.xml:23:7-25:23
90                <action android:name="com.google.firebase.MESSAGING_EVENT" />
90-->src/main/AndroidManifest.xml:24:9-69
90-->src/main/AndroidManifest.xml:24:17-67
91            </intent-filter>
92        </service>
93        <service
93-->[com.google.android.datatransport:transport-backend-cct:3.1.6] AndroidManifest.xml:29:9-35:19
94            android:name="com.google.android.datatransport.runtime.backends.TransportBackendDiscovery"
94-->[com.google.android.datatransport:transport-backend-cct:3.1.6] AndroidManifest.xml:30:13-103
95            android:exported="false" >
95-->[com.google.android.datatransport:transport-backend-cct:3.1.6] AndroidManifest.xml:31:13-37
96            <meta-data
96-->[com.google.android.datatransport:transport-backend-cct:3.1.6] AndroidManifest.xml:32:13-34:39
97                android:name="backend:com.google.android.datatransport.cct.CctBackendFactory"
97-->[com.google.android.datatransport:transport-backend-cct:3.1.6] AndroidManifest.xml:33:17-94
98                android:value="cct" />
98-->[com.google.android.datatransport:transport-backend-cct:3.1.6] AndroidManifest.xml:34:17-36
99        </service>
100        <service
100-->[com.google.android.datatransport:transport-runtime:3.1.6] AndroidManifest.xml:26:9-30:19
101            android:name="com.google.android.datatransport.runtime.scheduling.jobscheduling.JobInfoSchedulerService"
101-->[com.google.android.datatransport:transport-runtime:3.1.6] AndroidManifest.xml:27:13-117
102            android:exported="false"
102-->[com.google.android.datatransport:transport-runtime:3.1.6] AndroidManifest.xml:28:13-37
103            android:permission="android.permission.BIND_JOB_SERVICE" >
103-->[com.google.android.datatransport:transport-runtime:3.1.6] AndroidManifest.xml:29:13-69
104        </service>
105
106        <receiver
106-->[com.google.android.datatransport:transport-runtime:3.1.6] AndroidManifest.xml:32:9-34:40
107            android:name="com.google.android.datatransport.runtime.scheduling.jobscheduling.AlarmManagerSchedulerBroadcastReceiver"
107-->[com.google.android.datatransport:transport-runtime:3.1.6] AndroidManifest.xml:33:13-132
108            android:exported="false" />
108-->[com.google.android.datatransport:transport-runtime:3.1.6] AndroidManifest.xml:34:13-37
109
110        <provider
110-->[com.google.firebase:firebase-common:20.1.1] AndroidManifest.xml:26:9-31:39
111            android:name="com.google.firebase.provider.FirebaseInitProvider"
111-->[com.google.firebase:firebase-common:20.1.1] AndroidManifest.xml:27:13-77
112            android:authorities="com.example.apppush.firebaseinitprovider"
112-->[com.google.firebase:firebase-common:20.1.1] AndroidManifest.xml:28:13-72
113            android:directBootAware="true"
113-->[com.google.firebase:firebase-common:20.1.1] AndroidManifest.xml:29:13-43
114            android:exported="false"
114-->[com.google.firebase:firebase-common:20.1.1] AndroidManifest.xml:30:13-37
115            android:initOrder="100" />
115-->[com.google.firebase:firebase-common:20.1.1] AndroidManifest.xml:31:13-36
116
117        <activity
117-->[com.google.android.gms:play-services-base:18.0.1] AndroidManifest.xml:20:9-22:45
118            android:name="com.google.android.gms.common.api.GoogleApiActivity"
118-->[com.google.android.gms:play-services-base:18.0.1] AndroidManifest.xml:20:19-85
119            android:exported="false"
119-->[com.google.android.gms:play-services-base:18.0.1] AndroidManifest.xml:22:19-43
120            android:theme="@android:style/Theme.Translucent.NoTitleBar" />
120-->[com.google.android.gms:play-services-base:18.0.1] AndroidManifest.xml:21:19-78
121
122        <receiver
122-->[com.google.android.gms:play-services-measurement:21.0.0] AndroidManifest.xml:29:9-33:20
123            android:name="com.google.android.gms.measurement.AppMeasurementReceiver"
123-->[com.google.android.gms:play-services-measurement:21.0.0] AndroidManifest.xml:30:13-85
124            android:enabled="true"
124-->[com.google.android.gms:play-services-measurement:21.0.0] AndroidManifest.xml:31:13-35
125            android:exported="false" >
125-->[com.google.android.gms:play-services-measurement:21.0.0] AndroidManifest.xml:32:13-37
126        </receiver>
127
128        <service
128-->[com.google.android.gms:play-services-measurement:21.0.0] AndroidManifest.xml:35:9-38:40
129            android:name="com.google.android.gms.measurement.AppMeasurementService"
129-->[com.google.android.gms:play-services-measurement:21.0.0] AndroidManifest.xml:36:13-84
130            android:enabled="true"
130-->[com.google.android.gms:play-services-measurement:21.0.0] AndroidManifest.xml:37:13-35
131            android:exported="false" />
131-->[com.google.android.gms:play-services-measurement:21.0.0] AndroidManifest.xml:38:13-37
132        <service
132-->[com.google.android.gms:play-services-measurement:21.0.0] AndroidManifest.xml:39:9-43:72
133            android:name="com.google.android.gms.measurement.AppMeasurementJobService"
133-->[com.google.android.gms:play-services-measurement:21.0.0] AndroidManifest.xml:40:13-87
134            android:enabled="true"
134-->[com.google.android.gms:play-services-measurement:21.0.0] AndroidManifest.xml:41:13-35
135            android:exported="false"
135-->[com.google.android.gms:play-services-measurement:21.0.0] AndroidManifest.xml:42:13-37
136            android:permission="android.permission.BIND_JOB_SERVICE" />
136-->[com.google.android.gms:play-services-measurement:21.0.0] AndroidManifest.xml:43:13-69
137
138        <meta-data
138-->[com.google.android.gms:play-services-basement:18.0.0] AndroidManifest.xml:21:9-23:69
139            android:name="com.google.android.gms.version"
139-->[com.google.android.gms:play-services-basement:18.0.0] AndroidManifest.xml:22:13-58
140            android:value="@integer/google_play_services_version" />
140-->[com.google.android.gms:play-services-basement:18.0.0] AndroidManifest.xml:23:13-66
141
142        <provider
142-->[androidx.emoji2:emoji2:1.0.0] AndroidManifest.xml:26:9-34:20
143            android:name="androidx.startup.InitializationProvider"
143-->[androidx.emoji2:emoji2:1.0.0] AndroidManifest.xml:27:13-67
144            android:authorities="com.example.apppush.androidx-startup"
144-->[androidx.emoji2:emoji2:1.0.0] AndroidManifest.xml:28:13-68
145            android:exported="false" >
145-->[androidx.emoji2:emoji2:1.0.0] AndroidManifest.xml:29:13-37
146            <meta-data
146-->[androidx.emoji2:emoji2:1.0.0] AndroidManifest.xml:31:13-33:52
147                android:name="androidx.emoji2.text.EmojiCompatInitializer"
147-->[androidx.emoji2:emoji2:1.0.0] AndroidManifest.xml:32:17-75
148                android:value="androidx.startup" />
148-->[androidx.emoji2:emoji2:1.0.0] AndroidManifest.xml:33:17-49
149            <meta-data
149-->[androidx.lifecycle:lifecycle-process:2.4.0] AndroidManifest.xml:31:13-33:52
150                android:name="androidx.lifecycle.ProcessLifecycleInitializer"
150-->[androidx.lifecycle:lifecycle-process:2.4.0] AndroidManifest.xml:32:17-78
151                android:value="androidx.startup" />
151-->[androidx.lifecycle:lifecycle-process:2.4.0] AndroidManifest.xml:33:17-49
152        </provider>
153    </application>
154
155</manifest>